This is pdfTeX, Version 3.14159265-2.6-1.40.17 (TeX Live 2016) (preloaded format=pdflatex 2016.11.21)  18 FEB 2019 09:22
entering extended mode
 restricted \write18 enabled.
 file:line:error style messages enabled.
 %&-line parsing enabled.
**PandoraProtoDUNE.tex
(./PandoraProtoDUNE.tex
LaTeX2e <2016/03/31>
Babel <3.9r> and hyphenation patterns for 83 language(s) loaded.

LaTeX Warning: File `example.eps' already exists on the system.
               Not generating it from this source.

(/usr/local/texlive/2016/texmf-dist/tex/latex/base/fix-cm.sty
Package: fix-cm 2015/01/14 v1.1t fixes to LaTeX

(/usr/local/texlive/2016/texmf-dist/tex/latex/base/ts1enc.def
File: ts1enc.def 2001/06/05 v3.0e (jk/car/fm) Standard LaTeX file
)) (./svjour3.cls
Document Class: svjour3 2010/11/25 v3.3 
LaTeX document class for Springer journals
Class Springer-SVJour3 Info: extra/valid Springer sub-package (-> *.clo) 
(Springer-SVJour3)           not found in option list of \documentclass
(Springer-SVJour3)           - autoactivating "global" style.
(./svglov3.clo
File: svglov3.clo 2009/12/18 v3.2 style option for standardised journals

SVJour Class option: svglov3.clo for standardised journals
)
LaTeX Font Info:    Redeclaring math symbol \Gamma on input line 147.
LaTeX Font Info:    Redeclaring math symbol \Delta on input line 148.
LaTeX Font Info:    Redeclaring math symbol \Theta on input line 149.
LaTeX Font Info:    Redeclaring math symbol \Lambda on input line 150.
LaTeX Font Info:    Redeclaring math symbol \Xi on input line 151.
LaTeX Font Info:    Redeclaring math symbol \Pi on input line 152.
LaTeX Font Info:    Redeclaring math symbol \Sigma on input line 153.
LaTeX Font Info:    Redeclaring math symbol \Upsilon on input line 154.
LaTeX Font Info:    Redeclaring math symbol \Phi on input line 155.
LaTeX Font Info:    Redeclaring math symbol \Psi on input line 156.
LaTeX Font Info:    Redeclaring math symbol \Omega on input line 157.
\logodepth=\dimen102
\headerboxheight=\dimen103
\betweenumberspace=\dimen104
\aftertext=\dimen105
\headlineindent=\dimen106
\c@inst=\count79
\c@auth=\count80
\instindent=\dimen107
\authrun=\box26
\authorrunning=\toks14
\titrun=\box27
\titlerunning=\toks15
\combirun=\box28
\c@lastpage=\count81
\rubricwidth=\dimen108
\c@section=\count82
\c@subsection=\count83
\c@subsubsection=\count84
\c@paragraph=\count85
\c@subparagraph=\count86
\spthmsep=\dimen109
\c@theorem=\count87
\c@case=\count88
\c@conjecture=\count89
\c@corollary=\count90
\c@definition=\count91
\c@example=\count92
\c@exercise=\count93
\c@lemma=\count94
\c@note=\count95
\c@problem=\count96
\c@property=\count97
\c@proposition=\count98
\c@question=\count99
\c@solution=\count100
\c@remark=\count101
\c@figure=\count102
\c@table=\count103
\abovecaptionskip=\skip41
\belowcaptionskip=\skip42
\figcapgap=\dimen110
\tabcapgap=\dimen111
\figgap=\dimen112
\bibindent=\dimen113
\@tempcntc=\count104
) (/usr/local/texlive/2016/texmf-dist/tex/latex/graphics/graphicx.sty
Package: graphicx 2014/10/28 v1.0g Enhanced LaTeX Graphics (DPC,SPQR)

(/usr/local/texlive/2016/texmf-dist/tex/latex/graphics/keyval.sty
Package: keyval 2014/10/28 v1.15 key=value parser (DPC)
\KV@toks@=\toks16
)
(/usr/local/texlive/2016/texmf-dist/tex/latex/graphics/graphics.sty
Package: graphics 2016/05/09 v1.0r Standard LaTeX Graphics (DPC,SPQR)

(/usr/local/texlive/2016/texmf-dist/tex/latex/graphics/trig.sty
Package: trig 2016/01/03 v1.10 sin cos tan (DPC)
)
(/usr/local/texlive/2016/texmf-dist/tex/latex/graphics-cfg/graphics.cfg
File: graphics.cfg 2016/01/02 v1.10 sample graphics configuration
)
Package graphics Info: Driver file: pdftex.def on input line 96.

(/usr/local/texlive/2016/texmf-dist/tex/latex/pdftex-def/pdftex.def
File: pdftex.def 2011/05/27 v0.06d Graphics/color for pdfTeX

(/usr/local/texlive/2016/texmf-dist/tex/generic/oberdiek/infwarerr.sty
Package: infwarerr 2016/05/16 v1.4 Providing info/warning/error messages (HO)
)
(/usr/local/texlive/2016/texmf-dist/tex/generic/oberdiek/ltxcmds.sty
Package: ltxcmds 2016/05/16 v1.23 LaTeX kernel commands for general use (HO)
)
\Gread@gobject=\count105
))
\Gin@req@height=\dimen114
\Gin@req@width=\dimen115
)
(./PandoraProtoDUNE.aux)
\openout1 = `PandoraProtoDUNE.aux'.

LaTeX Font Info:    Checking defaults for OML/cmm/m/it on input line 63.
LaTeX Font Info:    ... okay on input line 63.
LaTeX Font Info:    Checking defaults for T1/cmr/m/n on input line 63.
LaTeX Font Info:    ... okay on input line 63.
LaTeX Font Info:    Checking defaults for OT1/cmr/m/n on input line 63.
LaTeX Font Info:    ... okay on input line 63.
LaTeX Font Info:    Checking defaults for OMS/cmsy/m/n on input line 63.
LaTeX Font Info:    ... okay on input line 63.
LaTeX Font Info:    Checking defaults for OMX/cmex/m/n on input line 63.
LaTeX Font Info:    ... okay on input line 63.
LaTeX Font Info:    Checking defaults for U/cmr/m/n on input line 63.
LaTeX Font Info:    ... okay on input line 63.
LaTeX Font Info:    Checking defaults for TS1/cmr/m/n on input line 63.
LaTeX Font Info:    ... okay on input line 63.

Unknown journal: specify \journalname{<name of your journal>} in preambel

(/usr/local/texlive/2016/texmf-dist/tex/context/base/mkii/supp-pdf.mkii
[Loading MPS to PDF converter (version 2006.09.02).]
\scratchcounter=\count106
\scratchdimen=\dimen116
\scratchbox=\box29
\nofMPsegments=\count107
\nofMParguments=\count108
\everyMPshowfont=\toks17
\MPscratchCnt=\count109
\MPscratchDim=\dimen117
\MPnumerator=\count110
\makeMPintoPDFobject=\count111
\everyMPtoPDFconversion=\toks18
) (/usr/local/texlive/2016/texmf-dist/tex/generic/oberdiek/pdftexcmds.sty
Package: pdftexcmds 2016/05/10 v0.21 Utility functions of pdfTeX for LuaTeX (HO
)

(/usr/local/texlive/2016/texmf-dist/tex/generic/oberdiek/ifluatex.sty
Package: ifluatex 2016/05/16 v1.4 Provides the ifluatex switch (HO)
Package ifluatex Info: LuaTeX not detected.
)
(/usr/local/texlive/2016/texmf-dist/tex/generic/oberdiek/ifpdf.sty
Package: ifpdf 2016/05/14 v3.1 Provides the ifpdf switch
)
Package pdftexcmds Info: LuaTeX not detected.
Package pdftexcmds Info: \pdf@primitive is available.
Package pdftexcmds Info: \pdf@ifprimitive is available.
Package pdftexcmds Info: \pdfdraftmode found.
)
(/usr/local/texlive/2016/texmf-dist/tex/latex/oberdiek/epstopdf-base.sty
Package: epstopdf-base 2016/05/15 v2.6 Base part for package epstopdf

(/usr/local/texlive/2016/texmf-dist/tex/latex/oberdiek/grfext.sty
Package: grfext 2016/05/16 v1.2 Manage graphics extensions (HO)

(/usr/local/texlive/2016/texmf-dist/tex/generic/oberdiek/kvdefinekeys.sty
Package: kvdefinekeys 2016/05/16 v1.4 Define keys (HO)
))
(/usr/local/texlive/2016/texmf-dist/tex/latex/oberdiek/kvoptions.sty
Package: kvoptions 2016/05/16 v3.12 Key value format for package options (HO)

(/usr/local/texlive/2016/texmf-dist/tex/generic/oberdiek/kvsetkeys.sty
Package: kvsetkeys 2016/05/16 v1.17 Key value parser (HO)

(/usr/local/texlive/2016/texmf-dist/tex/generic/oberdiek/etexcmds.sty
Package: etexcmds 2016/05/16 v1.6 Avoid name clashes with e-TeX commands (HO)
Package etexcmds Info: Could not find \expanded.
(etexcmds)             That can mean that you are not using pdfTeX 1.50 or
(etexcmds)             that some package has redefined \expanded.
(etexcmds)             In the latter case, load this package earlier.
)))
Package grfext Info: Graphics extension search list:
(grfext)             [.png,.pdf,.jpg,.mps,.jpeg,.jbig2,.jb2,.PNG,.PDF,.JPG,.JPE
G,.JBIG2,.JB2,.eps]
(grfext)             \AppendGraphicsExtensions on input line 456.

(/usr/local/texlive/2016/texmf-dist/tex/latex/latexconfig/epstopdf-sys.cfg
File: epstopdf-sys.cfg 2010/07/13 v1.3 Configuration of (r)epstopdf for TeX Liv
e
))
SVJour3 warning: Missing \journalname
LaTeX Font Info:    Calculating math sizes for size <9.5> on input line 95.
LaTeX Font Info:    External font `cmex10' loaded for size
(Font)              <9.5> on input line 95.
LaTeX Font Info:    External font `cmex10' loaded for size
(Font)              <6.64996> on input line 95.
LaTeX Font Info:    External font `cmex10' loaded for size
(Font)              <4.75> on input line 95.
LaTeX Font Info:    External font `cmex10' loaded for size
(Font)              <8> on input line 95.
LaTeX Font Info:    External font `cmex10' loaded for size
(Font)              <6> on input line 95.
LaTeX Font Info:    External font `cmex10' loaded for size
(Font)              <5> on input line 95.

SVJour3 Warning: Title too long for running head.
Please supply a shorter form with \titlerunning prior to \maketitle

Overfull \hbox (9.48306pt too wide) in paragraph at lines 109--114
[]\OT1/cmr/m/n/9.5 -Abstract and in-tro-duc-tion, cov-er-ing Pan-dora back-grou
nd, its use across LArTPC
 []

[1{/usr/local/texlive/2016/texmf-var/fonts/map/pdftex/updmap/pdftex.map}]
<Figures/Metrics/MC/Beam/BeamParticleEfficiencyBreakdownVsNHits.pdf, id=12, 569
.12625pt x 385.44pt>
File: Figures/Metrics/MC/Beam/BeamParticleEfficiencyBreakdownVsNHits.pdf Graphi
c file (type pdf)

<use Figures/Metrics/MC/Beam/BeamParticleEfficiencyBreakdownVsNHits.pdf>
Package pdftex.def Info: Figures/Metrics/MC/Beam/BeamParticleEfficiencyBreakdow
nVsNHits.pdf used on input line 160.
(pdftex.def)             Requested size: 173.5pt x 117.50314pt.

<Figures/Metrics/MC/Beam/BeamParticleEfficiencyBreakdownVsMomentum.pdf, id=13, 
569.12625pt x 385.44pt>
File: Figures/Metrics/MC/Beam/BeamParticleEfficiencyBreakdownVsMomentum.pdf Gra
phic file (type pdf)

<use Figures/Metrics/MC/Beam/BeamParticleEfficiencyBreakdownVsMomentum.pdf>
Package pdftex.def Info: Figures/Metrics/MC/Beam/BeamParticleEfficiencyBreakdow
nVsMomentum.pdf used on input line 161.
(pdftex.def)             Requested size: 173.5pt x 117.50314pt.

Overfull \hbox (1.88892pt too wide) in paragraph at lines 160--162
[][] [] 
 []


<Figures/Metrics/MC/Beam/BeamParticleCompleteness.pdf, id=14, 569.12625pt x 385
.44pt>
File: Figures/Metrics/MC/Beam/BeamParticleCompleteness.pdf Graphic file (type p
df)
 <use Figures/Metrics/MC/Beam/BeamParticleCompleteness.pdf>
Package pdftex.def Info: Figures/Metrics/MC/Beam/BeamParticleCompleteness.pdf u
sed on input line 167.
(pdftex.def)             Requested size: 173.5pt x 117.50314pt.

<Figures/Metrics/MC/Beam/BeamParticlePurity.pdf, id=15, 569.12625pt x 385.44pt>
File: Figures/Metrics/MC/Beam/BeamParticlePurity.pdf Graphic file (type pdf)
<use Figures/Metrics/MC/Beam/BeamParticlePurity.pdf>
Package pdftex.def Info: Figures/Metrics/MC/Beam/BeamParticlePurity.pdf used on
 input line 168.
(pdftex.def)             Requested size: 173.5pt x 117.50314pt.

Overfull \hbox (1.88892pt too wide) in paragraph at lines 167--169
[][] [] 
 []


<Figures/Metrics/MC/Cosmics/CosmicRayEfficiencyVsNHits.pdf, id=16, 569.12625pt 
x 385.44pt>
File: Figures/Metrics/MC/Cosmics/CosmicRayEfficiencyVsNHits.pdf Graphic file (t
ype pdf)
 <use Figures/Metrics/MC/Cosmics/CosmicRayEfficiencyVsNHits.pdf>
Package pdftex.def Info: Figures/Metrics/MC/Cosmics/CosmicRayEfficiencyVsNHits.
pdf used on input line 176.
(pdftex.def)             Requested size: 260.25pt x 176.26355pt.

<Figures/Metrics/MC/Cosmics/CosmicRayCompleteness.pdf, id=17, 569.12625pt x 385
.44pt>
File: Figures/Metrics/MC/Cosmics/CosmicRayCompleteness.pdf Graphic file (type p
df)
 <use Figures/Metrics/MC/Cosmics/CosmicRayCompleteness.pdf>
Package pdftex.def Info: Figures/Metrics/MC/Cosmics/CosmicRayCompleteness.pdf u
sed on input line 182.
(pdftex.def)             Requested size: 173.5pt x 117.50314pt.

<Figures/Metrics/MC/Cosmics/CosmicRayPurity.pdf, id=18, 569.12625pt x 385.44pt>
File: Figures/Metrics/MC/Cosmics/CosmicRayPurity.pdf Graphic file (type pdf)
<use Figures/Metrics/MC/Cosmics/CosmicRayPurity.pdf>
Package pdftex.def Info: Figures/Metrics/MC/Cosmics/CosmicRayPurity.pdf used on
 input line 183.
(pdftex.def)             Requested size: 173.5pt x 117.50314pt.

Overfull \hbox (1.88892pt too wide) in paragraph at lines 182--184
[][] [] 
 []


<Figures/Metrics/Data/Beam/BeamParticleEfficiencyVsMomentum.pdf, id=19, 569.126
25pt x 385.44pt>
File: Figures/Metrics/Data/Beam/BeamParticleEfficiencyVsMomentum.pdf Graphic fi
le (type pdf)

<use Figures/Metrics/Data/Beam/BeamParticleEfficiencyVsMomentum.pdf>
Package pdftex.def Info: Figures/Metrics/Data/Beam/BeamParticleEfficiencyVsMome
ntum.pdf used on input line 193.
(pdftex.def)             Requested size: 347.0pt x 235.01807pt.
 [2]
[3 <./Figures/Metrics/MC/Beam/BeamParticleEfficiencyBreakdownVsNHits.pdf, page 
is rotated 90 degrees> <./Figures/Metrics/MC/Beam/BeamParticleEfficiencyBreakdo
wnVsMomentum.pdf, page is rotated 90 degrees> <./Figures/Metrics/MC/Beam/BeamPa
rticleCompleteness.pdf, page is rotated 90 degrees> <./Figures/Metrics/MC/Beam/
BeamParticlePurity.pdf, page is rotated 90 degrees> <./Figures/Metrics/MC/Cosmi
cs/CosmicRayEfficiencyVsNHits.pdf, page is rotated 90 degrees>]
<Figures/Metrics/Data/Beam/BeamParticleOpeningAngle.pdf, id=245, 569.12625pt x 
385.44pt>
File: Figures/Metrics/Data/Beam/BeamParticleOpeningAngle.pdf Graphic file (type
 pdf)
 <use Figures/Metrics/Data/Beam/BeamParticleOpeningAngle.pdf>
Package pdftex.def Info: Figures/Metrics/Data/Beam/BeamParticleOpeningAngle.pdf
 used on input line 199.
(pdftex.def)             Requested size: 347.0pt x 235.01807pt.

<Figures/Metrics/Data/Cosmics/NumberofReconstructedCosmicRays.pdf, id=246, 569.
12625pt x 385.44pt>
File: Figures/Metrics/Data/Cosmics/NumberofReconstructedCosmicRays.pdf Graphic 
file (type pdf)

<use Figures/Metrics/Data/Cosmics/NumberofReconstructedCosmicRays.pdf>
Package pdftex.def Info: Figures/Metrics/Data/Cosmics/NumberofReconstructedCosm
icRays.pdf used on input line 207.
(pdftex.def)             Requested size: 347.0pt x 235.01807pt.

<Figures/Metrics/Data/Cosmics/StitchedT0.pdf, id=247, 569.12625pt x 385.44pt>
File: Figures/Metrics/Data/Cosmics/StitchedT0.pdf Graphic file (type pdf)

<use Figures/Metrics/Data/Cosmics/StitchedT0.pdf>
Package pdftex.def Info: Figures/Metrics/Data/Cosmics/StitchedT0.pdf used on in
put line 213.
(pdftex.def)             Requested size: 347.0pt x 235.01807pt.

Overfull \vbox (57.63338pt too high) has occurred while \output is active []


[4 <./Figures/Metrics/MC/Cosmics/CosmicRayCompleteness.pdf, page is rotated 90 
degrees> <./Figures/Metrics/MC/Cosmics/CosmicRayPurity.pdf, page is rotated 90 
degrees> <./Figures/Metrics/Data/Beam/BeamParticleEfficiencyVsMomentum.pdf, pag
e is rotated 90 degrees>] [5 <./Figures/Metrics/Data/Beam/BeamParticleOpeningAn
gle.pdf, page is rotated 90 degrees> <./Figures/Metrics/Data/Cosmics/NumberofRe
constructedCosmicRays.pdf, page is rotated 90 degrees>] [6 <./Figures/Metrics/D
ata/Cosmics/StitchedT0.pdf, page is rotated 90 degrees>]
(./PandoraProtoDUNE.aux)

LaTeX Warning: Label(s) may have changed. Rerun to get cross-references right.

 ) 
Here is how much of TeX's memory you used:
 2268 strings out of 493014
 36341 string characters out of 6133350
 89579 words of memory out of 5000000
 5787 multiletter control sequences out of 15000+600000
 12193 words of font info for 42 fonts, out of 8000000 for 9000
 1141 hyphenation exceptions out of 8191
 37i,7n,23p,505b,287s stack positions out of 5000i,500n,10000p,200000b,80000s
</usr/local/texlive/2016/texmf-dist/fonts/type1/public/amsfonts/cm/cmbsy10.pf
b></usr/local/texlive/2016/texmf-dist/fonts/type1/public/amsfonts/cm/cmbx12.pfb
></usr/local/texlive/2016/texmf-dist/fonts/type1/public/amsfonts/cm/cmbx8.pfb><
/usr/local/texlive/2016/texmf-dist/fonts/type1/public/amsfonts/cm/cmbx9.pfb></u
sr/local/texlive/2016/texmf-dist/fonts/type1/public/amsfonts/cm/cmmi9.pfb></usr
/local/texlive/2016/texmf-dist/fonts/type1/public/amsfonts/cm/cmr6.pfb></usr/lo
cal/texlive/2016/texmf-dist/fonts/type1/public/amsfonts/cm/cmr8.pfb></usr/local
/texlive/2016/texmf-dist/fonts/type1/public/amsfonts/cm/cmr9.pfb></usr/local/te
xlive/2016/texmf-dist/fonts/type1/public/amsfonts/cm/cmsy9.pfb></usr/local/texl
ive/2016/texmf-dist/fonts/type1/public/amsfonts/cm/cmti9.pfb>
Output written on PandoraProtoDUNE.pdf (6 pages, 372467 bytes).
PDF statistics:
 549 PDF objects out of 1000 (max. 8388607)
 242 compressed objects within 3 object streams
 0 named destinations out of 1000 (max. 500000)
 56 words of extra memory for PDF output out of 10000 (max. 10000000)

